1335809207119204	INFO      	Log	XnLog.cpp	264	OpenNI version is 1.3.2 (Build 1)-Linux-x86 (Apr 30 2012 12:39:46)
1335809207119231	INFO      	Log	XnLog.cpp	243	Filter Info - minimum severity: ERROR, masks: NONE
1335809207119242	INFO      	Log	XnLog.cpp	243	Filter Info - minimum severity: WARNING, masks: NONE
1335809207119252	INFO      	Log	XnLog.cpp	243	Filter Info - minimum severity: WARNING, masks: ALL
  1616819	WARNING   	xnOS	Linux-x86Threads.cpp	170	Failed to set thread priority (1)
  1616844	WARNING   	xnUSB	XnUSBLinux-x86.cpp	128	USB events thread: Failed to set thread priority to critical. This might cause loss of data...
  1617758	WARNING   	xnOS	Linux-x86Threads.cpp	170	Failed to set thread priority (1)
  1617772	WARNING   	xnUSB	XnUSBLinux-x86.cpp	972	Failed to set thread priority to critical. This might cause loss of data...
  2117552	WARNING   	xnOS	Linux-x86Threads.cpp	170	Failed to set thread priority (1)
  2117585	WARNING   	xnUSB	XnUSBLinux-x86.cpp	972	Failed to set thread priority to critical. This might cause loss of data...
  2179986	WARNING   	DeviceSensorRead	XnDepthProcessor.cpp	133	Read: Depth buffer is corrupt. Size is 590304 (!= 614400)
  2180018	WARNING   	DeviceSensorProtocol	XnFrameStreamProcessor.cpp	138	Depth frame is corrupt!
  2312074	WARNING   	DeviceSensorRead	XnDepthProcessor.cpp	133	Read: Depth buffer is corrupt. Size is 510112 (!= 614400)
  2312105	WARNING   	DeviceSensorProtocol	XnFrameStreamProcessor.cpp	138	Depth frame is corrupt!
  5216002	WARNING   	DeviceSensorRead	XnDepthProcessor.cpp	133	Read: Depth buffer is corrupt. Size is 588176 (!= 614400)
  5216402	WARNING   	DeviceSensorProtocol	XnFrameStreamProcessor.cpp	138	Depth frame is corrupt!
  5344545	WARNING   	DeviceSensorRead	XnImageProcessor.cpp	105	Read: Image buffer is corrupt. Size is 228972 (!= 307200)
  5344570	WARNING   	DeviceSensorProtocol	XnFrameStreamProcessor.cpp	138	Image frame is corrupt!
157045582	WARNING   	xnOS	Linux-x86Threads.cpp	170	Failed to set thread priority (1)
157045616	WARNING   	xnUSB	XnUSBLinux-x86.cpp	972	Failed to set thread priority to critical. This might cause loss of data...
157393552	WARNING   	DeviceSensorRead	XnDepthProcessor.cpp	133	Read: Depth buffer is corrupt. Size is 3760 (!= 614400)
157393581	WARNING   	DeviceSensorProtocol	XnFrameStreamProcessor.cpp	138	Depth frame is corrupt!
157402292	WARNING   	DeviceSensorRead	XnIRProcessor.cpp	245	IR buffer is corrupt. There are left over bytes (invalid size)
157402307	WARNING   	DeviceSensorProtocol	XnFrameStreamProcessor.cpp	138	IR frame is corrupt!
157402315	WARNING   	DeviceSensorRead	XnIRProcessor.cpp	267	IR buffer is corrupt. Size is 2451192 (!= 2621440)
211800458	WARNING   	DeviceSensor	XnSensorImageStream.cpp	285	Grayscale8 output requires BAYER input!
211807481	WARNING   	xnOS	Linux-x86Threads.cpp	170	Failed to set thread priority (1)
211807510	WARNING   	xnUSB	XnUSBLinux-x86.cpp	972	Failed to set thread priority to critical. This might cause loss of data...
