1335807559772783	INFO      	Log	XnLog.cpp	264	OpenNI version is 1.3.2 (Build 1)-Linux-x86 (Apr 30 2012 12:39:46)
1335807559772808	INFO      	Log	XnLog.cpp	243	Filter Info - minimum severity: ERROR, masks: NONE
1335807559772819	INFO      	Log	XnLog.cpp	243	Filter Info - minimum severity: WARNING, masks: NONE
1335807559772829	INFO      	Log	XnLog.cpp	243	Filter Info - minimum severity: WARNING, masks: ALL
  1724093	WARNING   	xnOS	Linux-x86Threads.cpp	170	Failed to set thread priority (1)
  1724126	WARNING   	xnUSB	XnUSBLinux-x86.cpp	128	USB events thread: Failed to set thread priority to critical. This might cause loss of data...
  1724962	WARNING   	xnOS	Linux-x86Threads.cpp	170	Failed to set thread priority (1)
  1724975	WARNING   	xnUSB	XnUSBLinux-x86.cpp	972	Failed to set thread priority to critical. This might cause loss of data...
  2225760	WARNING   	xnOS	Linux-x86Threads.cpp	170	Failed to set thread priority (1)
  2225791	WARNING   	xnUSB	XnUSBLinux-x86.cpp	972	Failed to set thread priority to critical. This might cause loss of data...
  2418939	WARNING   	DeviceSensorRead	XnDepthProcessor.cpp	133	Read: Depth buffer is corrupt. Size is 507136 (!= 614400)
  2418999	WARNING   	DeviceSensorProtocol	XnFrameStreamProcessor.cpp	138	Depth frame is corrupt!
  5322260	WARNING   	DeviceSensorRead	XnDepthProcessor.cpp	133	Read: Depth buffer is corrupt. Size is 530736 (!= 614400)
  5322291	WARNING   	DeviceSensorProtocol	XnFrameStreamProcessor.cpp	138	Depth frame is corrupt!
  5456434	WARNING   	DeviceSensorRead	XnImageProcessor.cpp	105	Read: Image buffer is corrupt. Size is 242328 (!= 307200)
  5456912	WARNING   	DeviceSensorProtocol	XnFrameStreamProcessor.cpp	138	Image frame is corrupt!
 14196619	WARNING   	xnOS	Linux-x86Threads.cpp	170	Failed to set thread priority (1)
 14196649	WARNING   	xnUSB	XnUSBLinux-x86.cpp	972	Failed to set thread priority to critical. This might cause loss of data...
 14542252	WARNING   	DeviceSensorProtocol	XnFrameStreamProcessor.cpp	146	Depth Frame Buffer overflow! current size: 612768
 14542279	WARNING   	DeviceSensorProtocol	XnFrameStreamProcessor.cpp	138	Depth frame is corrupt!
 14554401	WARNING   	DeviceSensorRead	XnIRProcessor.cpp	245	IR buffer is corrupt. There are left over bytes (invalid size)
 14554429	WARNING   	DeviceSensorProtocol	XnFrameStreamProcessor.cpp	138	IR frame is corrupt!
 14554437	WARNING   	DeviceSensorRead	XnIRProcessor.cpp	267	IR buffer is corrupt. Size is 1656760 (!= 2621440)
 14558211	WARNING   	DeviceSensorRead	XnDepthProcessor.cpp	133	Read: Depth buffer is corrupt. Size is 612768 (!= 614400)
 77118975	WARNING   	DeviceSensor	XnSensorImageStream.cpp	285	Grayscale8 output requires BAYER input!
 77125135	WARNING   	xnOS	Linux-x86Threads.cpp	170	Failed to set thread priority (1)
 77125165	WARNING   	xnUSB	XnUSBLinux-x86.cpp	972	Failed to set thread priority to critical. This might cause loss of data...
