1335808494189177	INFO      	Log	XnLog.cpp	264	OpenNI version is 1.3.2 (Build 1)-Linux-x86 (Apr 30 2012 12:39:46)
1335808494189203	INFO      	Log	XnLog.cpp	243	Filter Info - minimum severity: ERROR, masks: NONE
1335808494189214	INFO      	Log	XnLog.cpp	243	Filter Info - minimum severity: WARNING, masks: NONE
1335808494189224	INFO      	Log	XnLog.cpp	243	Filter Info - minimum severity: WARNING, masks: ALL
  1611226	WARNING   	xnOS	Linux-x86Threads.cpp	170	Failed to set thread priority (1)
  1611251	WARNING   	xnUSB	XnUSBLinux-x86.cpp	128	USB events thread: Failed to set thread priority to critical. This might cause loss of data...
  1613031	WARNING   	xnOS	Linux-x86Threads.cpp	170	Failed to set thread priority (1)
  1613048	WARNING   	xnUSB	XnUSBLinux-x86.cpp	972	Failed to set thread priority to critical. This might cause loss of data...
  1875373	WARNING   	DeviceSensorProtocol	XnFrameStreamProcessor.cpp	146	Depth Frame Buffer overflow! current size: 612768
  1875417	WARNING   	DeviceSensorProtocol	XnFrameStreamProcessor.cpp	138	Depth frame is corrupt!
  1875426	WARNING   	DeviceSensorRead	XnDepthProcessor.cpp	133	Read: Depth buffer is corrupt. Size is 612768 (!= 614400)
  2112021	WARNING   	xnOS	Linux-x86Threads.cpp	170	Failed to set thread priority (1)
  2112052	WARNING   	xnUSB	XnUSBLinux-x86.cpp	972	Failed to set thread priority to critical. This might cause loss of data...
  2175076	WARNING   	DeviceSensorRead	XnDepthProcessor.cpp	133	Read: Depth buffer is corrupt. Size is 593040 (!= 614400)
  2175106	WARNING   	DeviceSensorProtocol	XnFrameStreamProcessor.cpp	138	Depth frame is corrupt!
  2306944	WARNING   	DeviceSensorRead	XnDepthProcessor.cpp	133	Read: Depth buffer is corrupt. Size is 546704 (!= 614400)
  2306974	WARNING   	DeviceSensorProtocol	XnFrameStreamProcessor.cpp	138	Depth frame is corrupt!
  5211072	WARNING   	DeviceSensorRead	XnDepthProcessor.cpp	133	Read: Depth buffer is corrupt. Size is 585632 (!= 614400)
  5211100	WARNING   	DeviceSensorProtocol	XnFrameStreamProcessor.cpp	138	Depth frame is corrupt!
  5339017	WARNING   	DeviceSensorRead	XnImageProcessor.cpp	105	Read: Image buffer is corrupt. Size is 230880 (!= 307200)
  5339042	WARNING   	DeviceSensorProtocol	XnFrameStreamProcessor.cpp	138	Image frame is corrupt!
