1335805919653694	INFO      	Log	XnLog.cpp	264	OpenNI version is 1.3.2 (Build 1)-Linux-x86 (Apr 30 2012 12:39:46)
1335805919653718	INFO      	Log	XnLog.cpp	243	Filter Info - minimum severity: ERROR, masks: NONE
1335805919653728	INFO      	Log	XnLog.cpp	243	Filter Info - minimum severity: WARNING, masks: NONE
1335805919653737	INFO      	Log	XnLog.cpp	243	Filter Info - minimum severity: WARNING, masks: ALL
  1606948	WARNING   	xnOS	Linux-x86Threads.cpp	170	Failed to set thread priority (1)
  1606971	WARNING   	xnUSB	XnUSBLinux-x86.cpp	128	USB events thread: Failed to set thread priority to critical. This might cause loss of data...
  1607840	WARNING   	xnOS	Linux-x86Threads.cpp	170	Failed to set thread priority (1)
  1607853	WARNING   	xnUSB	XnUSBLinux-x86.cpp	972	Failed to set thread priority to critical. This might cause loss of data...
  1870744	WARNING   	DeviceSensorProtocol	XnFrameStreamProcessor.cpp	146	Depth Frame Buffer overflow! current size: 612768
  1870770	WARNING   	DeviceSensorProtocol	XnFrameStreamProcessor.cpp	138	Depth frame is corrupt!
  1874348	WARNING   	DeviceSensorRead	XnDepthProcessor.cpp	133	Read: Depth buffer is corrupt. Size is 612768 (!= 614400)
  2109744	WARNING   	xnOS	Linux-x86Threads.cpp	170	Failed to set thread priority (1)
  2109776	WARNING   	xnUSB	XnUSBLinux-x86.cpp	972	Failed to set thread priority to critical. This might cause loss of data...
  2283613	WARNING   	DeviceSensorProtocol	XnFirmwareStreams.cpp	326	Unknown packet type (0x4846)!!!
  2286611	WARNING   	DeviceSensorProtocol	XnFirmwareStreams.cpp	326	Unknown packet type (0x4846)!!!
  2306614	WARNING   	DeviceSensorRead	XnDepthProcessor.cpp	133	Read: Depth buffer is corrupt. Size is 502560 (!= 614400)
  2306650	WARNING   	DeviceSensorProtocol	XnFrameStreamProcessor.cpp	138	Depth frame is corrupt!
  5206584	WARNING   	DeviceSensorRead	XnDepthProcessor.cpp	133	Read: Depth buffer is corrupt. Size is 558000 (!= 614400)
  5207486	WARNING   	DeviceSensorProtocol	XnFrameStreamProcessor.cpp	138	Depth frame is corrupt!
  5337141	WARNING   	DeviceSensorRead	XnImageProcessor.cpp	105	Read: Image buffer is corrupt. Size is 234696 (!= 307200)
  5337191	WARNING   	DeviceSensorProtocol	XnFrameStreamProcessor.cpp	138	Image frame is corrupt!
 31592712	WARNING   	DeviceSensorRead	XnDepthProcessor.cpp	133	Read: Depth buffer is corrupt. Size is 121840 (!= 614400)
 31592871	WARNING   	DeviceSensorProtocol	XnFrameStreamProcessor.cpp	138	Depth frame is corrupt!
 31597349	WARNING   	DeviceSensorRead	XnImageProcessor.cpp	105	Read: Image buffer is corrupt. Size is 136804 (!= 307200)
 31597384	WARNING   	DeviceSensorProtocol	XnFrameStreamProcessor.cpp	138	Image frame is corrupt!
 38893904	WARNING   	xnOS	Linux-x86Threads.cpp	170	Failed to set thread priority (1)
 38893946	WARNING   	xnUSB	XnUSBLinux-x86.cpp	972	Failed to set thread priority to critical. This might cause loss of data...
 39326873	WARNING   	DeviceSensorRead	XnIRProcessor.cpp	245	IR buffer is corrupt. There are left over bytes (invalid size)
 39326903	WARNING   	DeviceSensorProtocol	XnFrameStreamProcessor.cpp	138	IR frame is corrupt!
 39326911	WARNING   	DeviceSensorRead	XnIRProcessor.cpp	267	IR buffer is corrupt. Size is 2368464 (!= 2621440)
 39328697	WARNING   	DeviceSensorProtocol	XnFrameStreamProcessor.cpp	146	Depth Frame Buffer overflow! current size: 612768
 39328711	WARNING   	DeviceSensorProtocol	XnFrameStreamProcessor.cpp	138	Depth frame is corrupt!
 39340467	WARNING   	DeviceSensorRead	XnDepthProcessor.cpp	133	Read: Depth buffer is corrupt. Size is 612768 (!= 614400)
 67228699	WARNING   	DeviceSensor	XnSensorImageStream.cpp	285	Grayscale8 output requires BAYER input!
 67239065	WARNING   	xnOS	Linux-x86Threads.cpp	170	Failed to set thread priority (1)
 67239095	WARNING   	xnUSB	XnUSBLinux-x86.cpp	972	Failed to set thread priority to critical. This might cause loss of data...
